2026-06-06 19:29:08,655 [INFO] ==================================================
2026-06-06 19:29:08,655 [INFO] 서버 모니터링 시작
2026-06-06 19:29:08,655 [INFO] 임계값 → CPU: 80.0% | 메모리: 85.0% | 디스크: 80.0%
2026-06-06 19:29:08,655 [INFO] 점검 주기: 300초 (5분)
2026-06-06 19:29:08,655 [INFO] ==================================================
2026-06-06 19:29:09,657 [INFO] 정상 | CPU: 0.8% | 메모리: 23.9% | 디스크: 0.6%
2026-06-06 19:29:10,659 [INFO] 정상 | CPU: 0.6% | 메모리: 23.9% | 디스크: 0.6%
2026-06-06 19:48:46,641 [INFO] ==================================================
2026-06-06 19:48:46,642 [INFO] 서버 모니터링 시작
2026-06-06 19:48:46,642 [INFO] 임계값 → CPU: 80.0% | 메모리: 85.0% | 디스크: 80.0%
2026-06-06 19:48:46,642 [INFO] 점검 주기: 300초 (5분)
2026-06-06 19:48:46,643 [INFO] ==================================================
2026-06-06 19:48:47,645 [INFO] 정상 | CPU: 0.1% | 메모리: 25.4% | 디스크: 0.6%
2026-06-06 19:48:48,648 [INFO] 정상 | CPU: 0.9% | 메모리: 25.4% | 디스크: 0.6%
2026-06-06 19:57:45,948 [INFO] ==================================================
2026-06-06 19:57:45,949 [INFO] 서버 모니터링 시작
2026-06-06 19:57:45,949 [INFO] 임계값 → CPU: 80.0% | 메모리: 85.0% | 디스크: 80.0%
2026-06-06 19:57:45,949 [INFO] 점검 주기: 300초 (5분)
2026-06-06 19:57:45,949 [INFO] ==================================================
2026-06-06 19:57:46,951 [INFO] 정상 | CPU: 1.2% | 메모리: 26.0% | 디스크: 0.6%
2026-06-06 19:57:47,953 [INFO] 정상 | CPU: 0.2% | 메모리: 26.1% | 디스크: 0.6%
2026-06-06 20:02:49,055 [INFO] 정상 | CPU: 1.4% | 메모리: 26.1% | 디스크: 0.6%
2026-06-06 20:07:50,159 [INFO] 정상 | CPU: 0.1% | 메모리: 26.1% | 디스크: 0.6%
2026-06-06 20:12:51,263 [INFO] 정상 | CPU: 0.1% | 메모리: 25.0% | 디스크: 0.6%
2026-06-06 20:17:52,365 [INFO] 정상 | CPU: 0.0% | 메모리: 25.6% | 디스크: 0.6%
2026-06-06 20:23:20,404 [INFO] 정상 | CPU: 0.2% | 메모리: 25.4% | 디스크: 0.6%
2026-06-06 20:28:21,481 [INFO] 정상 | CPU: 0.3% | 메모리: 25.4% | 디스크: 0.6%
2026-06-06 20:33:22,584 [INFO] 정상 | CPU: 0.2% | 메모리: 25.5% | 디스크: 0.6%
2026-06-06 20:38:23,689 [INFO] 정상 | CPU: 0.1% | 메모리: 25.4% | 디스크: 0.6%
2026-06-06 20:43:24,792 [INFO] 정상 | CPU: 0.0% | 메모리: 25.5% | 디스크: 0.6%
2026-06-06 20:48:25,851 [INFO] 정상 | CPU: 0.0% | 메모리: 25.5% | 디스크: 0.6%
2026-06-06 20:53:26,956 [INFO] 정상 | CPU: 1.1% | 메모리: 25.5% | 디스크: 0.6%
2026-06-06 20:58:28,060 [INFO] 정상 | CPU: 0.1% | 메모리: 25.5% | 디스크: 0.6%
2026-06-06 21:03:29,170 [INFO] 정상 | CPU: 0.1% | 메모리: 25.5% | 디스크: 0.6%
2026-06-06 21:08:30,275 [INFO] 정상 | CPU: 0.9% | 메모리: 25.5% | 디스크: 0.6%
2026-06-06 21:13:31,336 [INFO] 정상 | CPU: 0.8% | 메모리: 25.8% | 디스크: 0.6%
2026-06-06 21:18:32,441 [INFO] 정상 | CPU: 0.1% | 메모리: 25.8% | 디스크: 0.6%
2026-06-06 21:23:33,540 [INFO] 정상 | CPU: 0.1% | 메모리: 25.8% | 디스크: 0.6%
2026-06-06 21:28:34,641 [INFO] 정상 | CPU: 0.0% | 메모리: 26.2% | 디스크: 0.6%
2026-06-06 21:33:35,747 [INFO] 정상 | CPU: 0.1% | 메모리: 26.2% | 디스크: 0.6%
2026-06-06 21:38:36,781 [INFO] 정상 | CPU: 0.6% | 메모리: 26.2% | 디스크: 0.6%
2026-06-06 21:43:37,870 [INFO] 정상 | CPU: 0.7% | 메모리: 26.2% | 디스크: 0.6%
2026-06-06 21:48:38,950 [INFO] 정상 | CPU: 0.0% | 메모리: 26.1% | 디스크: 0.6%
2026-06-06 21:53:40,055 [INFO] 정상 | CPU: 0.0% | 메모리: 26.2% | 디스크: 0.6%
2026-06-06 21:58:41,161 [INFO] 정상 | CPU: 0.5% | 메모리: 26.2% | 디스크: 0.6%
2026-06-06 22:03:42,254 [INFO] 정상 | CPU: 0.5% | 메모리: 26.1% | 디스크: 0.6%
2026-06-06 22:08:43,358 [INFO] 정상 | CPU: 0.0% | 메모리: 26.2% | 디스크: 0.6%
2026-06-06 22:13:44,368 [INFO] 정상 | CPU: 0.1% | 메모리: 26.2% | 디스크: 0.6%
2026-06-06 22:18:45,472 [INFO] 정상 | CPU: 1.3% | 메모리: 26.2% | 디스크: 0.6%
2026-06-06 22:23:46,576 [INFO] 정상 | CPU: 0.5% | 메모리: 26.2% | 디스크: 0.6%
2026-06-06 22:28:47,682 [INFO] 정상 | CPU: 0.2% | 메모리: 26.2% | 디스크: 0.6%
2026-06-06 22:33:48,786 [INFO] 정상 | CPU: 0.7% | 메모리: 26.2% | 디스크: 0.6%
2026-06-06 22:38:49,819 [INFO] 정상 | CPU: 0.0% | 메모리: 26.1% | 디스크: 0.6%
2026-06-06 22:43:50,924 [INFO] 정상 | CPU: 0.0% | 메모리: 26.2% | 디스크: 0.6%
2026-06-06 22:48:51,935 [INFO] 정상 | CPU: 0.0% | 메모리: 26.2% | 디스크: 0.6%
2026-06-06 22:53:53,021 [INFO] 정상 | CPU: 0.6% | 메모리: 26.2% | 디스크: 0.6%
2026-06-06 22:58:54,106 [INFO] 정상 | CPU: 0.7% | 메모리: 26.2% | 디스크: 0.6%
2026-06-06 23:03:55,209 [INFO] 정상 | CPU: 0.2% | 메모리: 26.2% | 디스크: 0.6%
2026-06-06 23:08:56,253 [INFO] 정상 | CPU: 0.1% | 메모리: 26.2% | 디스크: 0.6%
2026-06-06 23:13:57,355 [INFO] 정상 | CPU: 0.7% | 메모리: 26.3% | 디스크: 0.6%
2026-06-06 23:18:58,458 [INFO] 정상 | CPU: 0.0% | 메모리: 26.2% | 디스크: 0.6%
2026-06-06 23:23:59,561 [INFO] 정상 | CPU: 0.6% | 메모리: 26.2% | 디스크: 0.6%
2026-06-06 23:29:00,600 [INFO] 정상 | CPU: 0.7% | 메모리: 26.2% | 디스크: 0.6%
2026-06-06 23:34:01,621 [INFO] 정상 | CPU: 0.0% | 메모리: 26.3% | 디스크: 0.6%
2026-06-06 23:39:02,656 [INFO] 정상 | CPU: 0.8% | 메모리: 26.2% | 디스크: 0.6%
2026-06-06 23:44:03,759 [INFO] 정상 | CPU: 0.0% | 메모리: 26.2% | 디스크: 0.6%
2026-06-06 23:49:04,855 [INFO] 정상 | CPU: 0.0% | 메모리: 26.2% | 디스크: 0.6%
2026-06-06 23:54:05,938 [INFO] 정상 | CPU: 0.6% | 메모리: 26.2% | 디스크: 0.6%
2026-06-06 23:59:07,040 [INFO] 정상 | CPU: 0.1% | 메모리: 26.3% | 디스크: 0.6%
2026-06-07 00:04:08,076 [INFO] 정상 | CPU: 0.7% | 메모리: 26.3% | 디스크: 0.6%
2026-06-07 00:09:09,180 [INFO] 정상 | CPU: 0.1% | 메모리: 26.2% | 디스크: 0.6%
2026-06-07 00:14:10,282 [INFO] 정상 | CPU: 0.7% | 메모리: 26.2% | 디스크: 0.6%
2026-06-07 00:19:11,384 [INFO] 정상 | CPU: 0.2% | 메모리: 26.2% | 디스크: 0.6%
2026-06-07 00:24:12,440 [INFO] 정상 | CPU: 0.7% | 메모리: 26.2% | 디스크: 0.6%
2026-06-07 00:29:13,542 [INFO] 정상 | CPU: 0.0% | 메모리: 26.2% | 디스크: 0.6%
2026-06-07 00:34:14,560 [INFO] 정상 | CPU: 0.8% | 메모리: 26.2% | 디스크: 0.6%
2026-06-07 00:39:15,662 [INFO] 정상 | CPU: 0.0% | 메모리: 26.2% | 디스크: 0.6%
2026-06-07 00:44:16,765 [INFO] 정상 | CPU: 0.7% | 메모리: 26.3% | 디스크: 0.6%
2026-06-07 00:49:17,867 [INFO] 정상 | CPU: 0.6% | 메모리: 26.2% | 디스크: 0.6%
2026-06-07 00:54:18,924 [INFO] 정상 | CPU: 0.0% | 메모리: 26.2% | 디스크: 0.6%
2026-06-07 00:59:20,012 [INFO] 정상 | CPU: 0.6% | 메모리: 25.2% | 디스크: 0.6%
2026-06-07 01:04:21,040 [INFO] 정상 | CPU: 0.7% | 메모리: 25.3% | 디스크: 0.6%
2026-06-07 01:09:22,073 [INFO] 정상 | CPU: 0.0% | 메모리: 25.4% | 디스크: 0.6%
2026-06-07 01:14:23,175 [INFO] 정상 | CPU: 1.9% | 메모리: 25.5% | 디스크: 0.6%
2026-06-07 01:19:24,278 [INFO] 정상 | CPU: 0.1% | 메모리: 25.6% | 디스크: 0.6%
2026-06-07 01:24:25,381 [INFO] 정상 | CPU: 0.4% | 메모리: 25.7% | 디스크: 0.6%
2026-06-07 01:29:26,483 [INFO] 정상 | CPU: 0.6% | 메모리: 25.7% | 디스크: 0.6%
2026-06-07 01:34:27,586 [INFO] 정상 | CPU: 0.0% | 메모리: 25.7% | 디스크: 0.6%
2026-06-07 01:39:28,688 [INFO] 정상 | CPU: 0.8% | 메모리: 25.7% | 디스크: 0.6%
2026-06-07 01:44:29,791 [INFO] 정상 | CPU: 0.1% | 메모리: 25.7% | 디스크: 0.6%
2026-06-07 11:56:35,630 [INFO] 정상 | CPU: 0.8% | 메모리: 25.3% | 디스크: 0.6%
